2025-03-20 23:36:04,802 - INFO - ËÌËˆË‡ÎËÁ‡ˆËˇ ÔÓ„‡ÏÏ˚
2025-03-20 23:36:04,802 - INFO - Á‡ÔÛÒÍ UI
2025-03-20 23:36:06,128 - INFO - —ÓÁ‰‡Ì Ú‡Ï‡„Ó˜Ë Ò ËÏÂÌÂÏ fds
2025-03-20 23:36:06,367 - INFO - «‡ÔÛÒÍ ÊËÁÌË
2025-03-20 23:36:06,398 - INFO - «‡ÔÛÒÍ Ë„˚
2025-03-20 23:36:08,080 - INFO - ¬˚·‡ÌÓ ‰ÂÈÒÚ‚ËÂ: ext
2025-03-20 23:36:08,096 - INFO - ‚˚ıÓ‰ ËÁ Ë„˚
2025-03-20 23:36:57,183 - INFO - ËÌËˆË‡ÎËÁ‡ˆËˇ ÔÓ„‡ÏÏ˚
2025-03-20 23:36:57,183 - INFO - Á‡ÔÛÒÍ UI
2025-03-20 23:36:59,976 - INFO - —ÓÁ‰‡Ì Ú‡Ï‡„Ó˜Ë Ò ËÏÂÌÂÏ ds
2025-03-20 23:37:00,205 - INFO - «‡ÔÛÒÍ ÊËÁÌË
2025-03-20 23:37:00,220 - INFO - «‡ÔÛÒÍ Ë„˚
2025-03-20 23:37:01,461 - INFO - ¬˚·‡ÌÓ ‰ÂÈÒÚ‚ËÂ: ext
2025-03-20 23:37:01,476 - INFO - ‚˚ıÓ‰ ËÁ Ë„˚
2025-03-20 23:39:33,324 - INFO - –∏–Ω–∏—Ü–∏–∞–ª–∏–∑–∞—Ü–∏—è –ø—Ä–æ–≥—Ä–∞–º–º—ã
2025-03-20 23:39:33,324 - INFO - –∑–∞–ø—É—Å–∫ UI
2025-03-20 23:39:34,895 - INFO - –°–æ–∑–¥–∞–Ω —Ç–∞–º–∞–≥–æ—á–∏ —Å –∏–º–µ–Ω–µ–º ds
2025-03-20 23:39:35,077 - INFO - –ó–∞–ø—É—Å–∫ –∂–∏–∑–Ω–∏
2025-03-20 23:39:35,093 - INFO - –ó–∞–ø—É—Å–∫ –∏–≥—Ä—ã
2025-03-20 23:39:36,135 - INFO - –í—ã–±—Ä–∞–Ω–æ –¥–µ–π—Å—Ç–≤–∏–µ: ext
2025-03-20 23:39:36,135 - INFO - –≤—ã—Ö–æ–¥ –∏–∑ –∏–≥—Ä—ã
2025-03-20 23:43:12,588 - INFO - –∏–Ω–∏—Ü–∏–∞–ª–∏–∑–∞—Ü–∏—è –ø—Ä–æ–≥—Ä–∞–º–º—ã

2025-03-20 23:43:12,588 - INFO - –∑–∞–ø—É—Å–∫ UI

2025-03-20 23:43:13,848 - INFO - –°–æ–∑–¥–∞–Ω —Ç–∞–º–∞–≥–æ—á–∏ —Å –∏–º–µ–Ω–µ–º rwer

2025-03-20 23:43:14,014 - INFO - –ó–∞–ø—É—Å–∫ –∂–∏–∑–Ω–∏

2025-03-20 23:43:14,014 - INFO - –ó–∞–ø—É—Å–∫ –∏–≥—Ä—ã

2025-03-20 23:43:14,685 - INFO - –í—ã–±—Ä–∞–Ω–æ –¥–µ–π—Å—Ç–≤–∏–µ: 2

2025-03-20 23:43:14,685 - INFO - –∑–∞–ø—É—Å–∫ –∏–Ω–≤–µ–Ω—Ç–∞—Ä—è

2025-03-20 23:43:22,249 - INFO - –í—ã–±—Ä–∞–Ω–æ –¥–µ–π—Å—Ç–≤–∏–µ: ext

2025-03-20 23:43:22,249 - INFO - –≤—ã—Ö–æ–¥ –∏–∑ –∏–≥—Ä—ã

2025-03-20 23:43:44,047 - INFO - –∏–Ω–∏—Ü–∏–∞–ª–∏–∑–∞—Ü–∏—è –ø—Ä–æ–≥—Ä–∞–º–º—ã

2025-03-20 23:43:44,048 - INFO - –∑–∞–ø—É—Å–∫ UI

2025-03-20 23:43:45,658 - INFO - –°–æ–∑–¥–∞–Ω —Ç–∞–º–∞–≥–æ—á–∏ —Å –∏–º–µ–Ω–µ–º re

2025-03-20 23:43:45,906 - INFO - –ó–∞–ø—É—Å–∫ –∂–∏–∑–Ω–∏

2025-03-20 23:43:45,922 - INFO - –ó–∞–ø—É—Å–∫ –∏–≥—Ä—ã

2025-03-20 23:43:47,258 - INFO - –í—ã–±—Ä–∞–Ω–æ –¥–µ–π—Å—Ç–≤–∏–µ: 1

2025-03-20 23:43:48,735 - INFO - –í—ã–±—Ä–∞–Ω–æ –¥–µ–π—Å—Ç–≤–∏–µ: 2

2025-03-20 23:43:48,750 - INFO - –∑–∞–ø—É—Å–∫ –∏–Ω–≤–µ–Ω—Ç–∞—Ä—è

2025-03-20 23:46:55,425 - INFO - –∏–Ω–∏—Ü–∏–∞–ª–∏–∑–∞—Ü–∏—è –ø—Ä–æ–≥—Ä–∞–º–º—ã

2025-03-20 23:46:55,425 - INFO - –∑–∞–ø—É—Å–∫ UI

2025-03-20 23:47:40,506 - INFO - –∏–Ω–∏—Ü–∏–∞–ª–∏–∑–∞—Ü–∏—è –ø—Ä–æ–≥—Ä–∞–º–º—ã

2025-03-20 23:47:40,506 - INFO - –∑–∞–ø—É—Å–∫ UI

2025-03-20 23:47:42,505 - INFO - –°–æ–∑–¥–∞–Ω —Ç–∞–º–∞–≥–æ—á–∏ —Å –∏–º–µ–Ω–µ–º sdd

2025-03-20 23:47:42,754 - INFO - –ó–∞–ø—É—Å–∫ –∂–∏–∑–Ω–∏

2025-03-20 23:47:42,863 - INFO - –ó–∞–ø—É—Å–∫ –∏–≥—Ä—ã

2025-03-20 23:47:43,904 - INFO - –í—ã–±—Ä–∞–Ω–æ –¥–µ–π—Å—Ç–≤–∏–µ: 2

2025-03-20 23:47:43,920 - INFO - –∑–∞–ø—É—Å–∫ –∏–Ω–≤–µ–Ω—Ç–∞—Ä—è

2025-03-20 23:48:16,727 - INFO - –∏–Ω–∏—Ü–∏–∞–ª–∏–∑–∞—Ü–∏—è –ø—Ä–æ–≥—Ä–∞–º–º—ã

2025-03-20 23:48:16,727 - INFO - –∑–∞–ø—É—Å–∫ UI

2025-03-20 23:48:17,841 - INFO - –°–æ–∑–¥–∞–Ω —Ç–∞–º–∞–≥–æ—á–∏ —Å –∏–º–µ–Ω–µ–º 3

2025-03-20 23:48:18,103 - INFO - –ó–∞–ø—É—Å–∫ –∂–∏–∑–Ω–∏

2025-03-20 23:48:18,118 - INFO - –ó–∞–ø—É—Å–∫ –∏–≥—Ä—ã

2025-03-20 23:48:19,100 - INFO - –í—ã–±—Ä–∞–Ω–æ –¥–µ–π—Å—Ç–≤–∏–µ: 2

2025-03-20 23:48:19,100 - INFO - –∑–∞–ø—É—Å–∫ –∏–Ω–≤–µ–Ω—Ç–∞—Ä—è

2025-03-20 23:50:04,245 - INFO - –∏–Ω–∏—Ü–∏–∞–ª–∏–∑–∞—Ü–∏—è –ø—Ä–æ–≥—Ä–∞–º–º—ã

2025-03-20 23:50:04,245 - INFO - –∑–∞–ø—É—Å–∫ UI

2025-03-20 23:50:05,264 - INFO - –°–æ–∑–¥–∞–Ω —Ç–∞–º–∞–≥–æ—á–∏ —Å –∏–º–µ–Ω–µ–º dw

2025-03-20 23:50:05,524 - INFO - –ó–∞–ø—É—Å–∫ –∂–∏–∑–Ω–∏

2025-03-20 23:50:05,524 - INFO - –ó–∞–ø—É—Å–∫ –∏–≥—Ä—ã

2025-03-20 23:50:06,157 - INFO - –í—ã–±—Ä–∞–Ω–æ –¥–µ–π—Å—Ç–≤–∏–µ: 2

2025-03-20 23:50:06,157 - INFO - –∑–∞–ø—É—Å–∫ –∏–Ω–≤–µ–Ω—Ç–∞—Ä—è

2025-03-20 23:59:55,910 - INFO - –∏–Ω–∏—Ü–∏–∞–ª–∏–∑–∞—Ü–∏—è –ø—Ä–æ–≥—Ä–∞–º–º—ã

2025-03-20 23:59:55,911 - INFO - –∑–∞–ø—É—Å–∫ UI

2025-03-20 23:59:57,335 - INFO - –°–æ–∑–¥–∞–Ω —Ç–∞–º–∞–≥–æ—á–∏ —Å –∏–º–µ–Ω–µ–º 32

2025-03-20 23:59:57,641 - INFO - –ó–∞–ø—É—Å–∫ –∂–∏–∑–Ω–∏

2025-03-20 23:59:57,671 - INFO - –ó–∞–ø—É—Å–∫ –∏–≥—Ä—ã

2025-03-20 23:59:59,150 - INFO - –í—ã–±—Ä–∞–Ω–æ –¥–µ–π—Å—Ç–≤–∏–µ: 2

2025-03-20 23:59:59,180 - INFO - –∑–∞–ø—É—Å–∫ –∏–Ω–≤–µ–Ω—Ç–∞—Ä—è

2025-03-21 00:01:07,224 - INFO - –∏–Ω–∏—Ü–∏–∞–ª–∏–∑–∞—Ü–∏—è –ø—Ä–æ–≥—Ä–∞–º–º—ã

2025-03-21 00:01:07,224 - INFO - –∑–∞–ø—É—Å–∫ UI

2025-03-21 00:01:08,583 - INFO - –°–æ–∑–¥–∞–Ω —Ç–∞–º–∞–≥–æ—á–∏ —Å –∏–º–µ–Ω–µ–º 32

2025-03-21 00:01:08,880 - INFO - –ó–∞–ø—É—Å–∫ –∂–∏–∑–Ω–∏

2025-03-21 00:01:08,896 - INFO - –ó–∞–ø—É—Å–∫ –∏–≥—Ä—ã

2025-03-21 00:01:10,089 - INFO - –í—ã–±—Ä–∞–Ω–æ –¥–µ–π—Å—Ç–≤–∏–µ: 2

2025-03-21 00:01:10,089 - INFO - –∑–∞–ø—É—Å–∫ –∏–Ω–≤–µ–Ω—Ç–∞—Ä—è

2025-03-21 00:01:23,343 - INFO - –í—ã–±—Ä–∞–Ω–æ –¥–µ–π—Å—Ç–≤–∏–µ: 2

2025-03-21 00:01:23,358 - INFO - –∑–∞–ø—É—Å–∫ –∏–Ω–≤–µ–Ω—Ç–∞—Ä—è

2025-03-21 00:01:29,770 - INFO - –í—ã–±—Ä–∞–Ω–æ –¥–µ–π—Å—Ç–≤–∏–µ: ext

2025-03-21 00:01:29,770 - INFO - –≤—ã—Ö–æ–¥ –∏–∑ –∏–≥—Ä—ã

2025-03-21 00:03:05,339 - INFO - –∏–Ω–∏—Ü–∏–∞–ª–∏–∑–∞—Ü–∏—è –ø—Ä–æ–≥—Ä–∞–º–º—ã

2025-03-21 00:03:06,106 - INFO - –∑–∞–ø—É—Å–∫ UI

2025-03-21 00:03:07,160 - INFO - –°–æ–∑–¥–∞–Ω —Ç–∞–º–∞–≥–æ—á–∏ —Å –∏–º–µ–Ω–µ–º 23

2025-03-21 00:03:07,430 - INFO - –ó–∞–ø—É—Å–∫ –∂–∏–∑–Ω–∏

2025-03-21 00:03:07,446 - INFO - –ó–∞–ø—É—Å–∫ –∏–≥—Ä—ã

2025-03-21 00:03:08,487 - INFO - –í—ã–±—Ä–∞–Ω–æ –¥–µ–π—Å—Ç–≤–∏–µ: 2

2025-03-21 00:03:08,487 - INFO - –∑–∞–ø—É—Å–∫ –∏–Ω–≤–µ–Ω—Ç–∞—Ä—è

2025-03-21 00:03:26,602 - INFO - –í—ã–±—Ä–∞–Ω–æ –¥–µ–π—Å—Ç–≤–∏–µ: ext

2025-03-21 00:03:26,602 - INFO - –≤—ã—Ö–æ–¥ –∏–∑ –∏–≥—Ä—ã

2025-03-21 00:03:28,923 - INFO - –∏–Ω–∏—Ü–∏–∞–ª–∏–∑–∞—Ü–∏—è –ø—Ä–æ–≥—Ä–∞–º–º—ã

2025-03-21 00:03:28,923 - INFO - –∑–∞–ø—É—Å–∫ UI

2025-03-21 00:03:30,104 - INFO - –°–æ–∑–¥–∞–Ω —Ç–∞–º–∞–≥–æ—á–∏ —Å –∏–º–µ–Ω–µ–º rwe

2025-03-21 00:03:30,267 - INFO - –ó–∞–ø—É—Å–∫ –∂–∏–∑–Ω–∏

2025-03-21 00:03:30,267 - INFO - –ó–∞–ø—É—Å–∫ –∏–≥—Ä—ã

2025-03-21 00:03:31,171 - INFO - –í—ã–±—Ä–∞–Ω–æ –¥–µ–π—Å—Ç–≤–∏–µ: 2

2025-03-21 00:03:31,171 - INFO - –∑–∞–ø—É—Å–∫ –∏–Ω–≤–µ–Ω—Ç–∞—Ä—è

2025-03-21 00:03:51,760 - INFO - –í—ã–±—Ä–∞–Ω–æ –¥–µ–π—Å—Ç–≤–∏–µ: ext

2025-03-21 00:03:51,792 - INFO - –≤—ã—Ö–æ–¥ –∏–∑ –∏–≥—Ä—ã

2025-03-21 00:03:53,412 - INFO - –∏–Ω–∏—Ü–∏–∞–ª–∏–∑–∞—Ü–∏—è –ø—Ä–æ–≥—Ä–∞–º–º—ã

2025-03-21 00:03:53,413 - INFO - –∑–∞–ø—É—Å–∫ UI

2025-03-21 00:03:54,464 - INFO - –°–æ–∑–¥–∞–Ω —Ç–∞–º–∞–≥–æ—á–∏ —Å –∏–º–µ–Ω–µ–º r3

2025-03-21 00:03:54,725 - INFO - –ó–∞–ø—É—Å–∫ –∂–∏–∑–Ω–∏

2025-03-21 00:03:54,725 - INFO - –ó–∞–ø—É—Å–∫ –∏–≥—Ä—ã

2025-03-21 00:03:55,641 - INFO - –í—ã–±—Ä–∞–Ω–æ –¥–µ–π—Å—Ç–≤–∏–µ: 2

2025-03-21 00:03:55,673 - INFO - –∑–∞–ø—É—Å–∫ –∏–Ω–≤–µ–Ω—Ç–∞—Ä—è

2025-03-21 00:04:11,418 - INFO - –í—ã–±—Ä–∞–Ω–æ –¥–µ–π—Å—Ç–≤–∏–µ: ext

2025-03-21 00:04:11,448 - INFO - –≤—ã—Ö–æ–¥ –∏–∑ –∏–≥—Ä—ã

2025-03-21 00:04:13,854 - INFO - –∏–Ω–∏—Ü–∏–∞–ª–∏–∑–∞—Ü–∏—è –ø—Ä–æ–≥—Ä–∞–º–º—ã

2025-03-21 00:04:13,854 - INFO - –∑–∞–ø—É—Å–∫ UI

2025-03-21 00:04:14,855 - INFO - –°–æ–∑–¥–∞–Ω —Ç–∞–º–∞–≥–æ—á–∏ —Å –∏–º–µ–Ω–µ–º rweq

2025-03-21 00:04:15,027 - INFO - –ó–∞–ø—É—Å–∫ –∂–∏–∑–Ω–∏

2025-03-21 00:04:15,027 - INFO - –ó–∞–ø—É—Å–∫ –∏–≥—Ä—ã

2025-03-21 00:04:15,928 - INFO - –í—ã–±—Ä–∞–Ω–æ –¥–µ–π—Å—Ç–≤–∏–µ: 2

2025-03-21 00:04:15,974 - INFO - –∑–∞–ø—É—Å–∫ –∏–Ω–≤–µ–Ω—Ç–∞—Ä—è

2025-03-21 00:04:21,986 - INFO - –í—ã–±—Ä–∞–Ω–æ –¥–µ–π—Å—Ç–≤–∏–µ: 2

2025-03-21 00:04:22,002 - INFO - –∑–∞–ø—É—Å–∫ –∏–Ω–≤–µ–Ω—Ç–∞—Ä—è

2025-03-21 00:04:28,010 - INFO - –í—ã–±—Ä–∞–Ω–æ –¥–µ–π—Å—Ç–≤–∏–µ: 2

2025-03-21 00:04:28,010 - INFO - –∑–∞–ø—É—Å–∫ –∏–Ω–≤–µ–Ω—Ç–∞—Ä—è

2025-03-21 00:04:36,119 - INFO - –í—ã–±—Ä–∞–Ω–æ –¥–µ–π—Å—Ç–≤–∏–µ: 6

2025-03-21 00:04:36,119 - INFO - –Ω–µ–ø—Ä–∞–≤–∏–ª—å–Ω–∞—è –∫–æ–º–∞–Ω–¥–∞

2025-03-21 00:04:38,734 - INFO - –í—ã–±—Ä–∞–Ω–æ –¥–µ–π—Å—Ç–≤–∏–µ: 1

2025-03-21 00:05:07,747 - INFO - –í—ã–±—Ä–∞–Ω–æ –¥–µ–π—Å—Ç–≤–∏–µ: 2

2025-03-21 00:05:07,747 - INFO - –∑–∞–ø—É—Å–∫ –∏–Ω–≤–µ–Ω—Ç–∞—Ä—è

2025-03-21 00:05:12,472 - INFO - –í—ã–±—Ä–∞–Ω–æ –¥–µ–π—Å—Ç–≤–∏–µ: 1

2025-03-21 00:05:14,445 - INFO - –í—ã–±—Ä–∞–Ω–æ –¥–µ–π—Å—Ç–≤–∏–µ: 2

2025-03-21 00:05:14,476 - INFO - –∑–∞–ø—É—Å–∫ –∏–Ω–≤–µ–Ω—Ç–∞—Ä—è

2025-03-21 00:05:21,301 - INFO - –í—ã–±—Ä–∞–Ω–æ –¥–µ–π—Å—Ç–≤–∏–µ: ext

2025-03-21 00:05:21,317 - INFO - –≤—ã—Ö–æ–¥ –∏–∑ –∏–≥—Ä—ã

2025-03-21 00:12:01,973 - INFO - –∏–Ω–∏—Ü–∏–∞–ª–∏–∑–∞—Ü–∏—è –ø—Ä–æ–≥—Ä–∞–º–º—ã

2025-03-21 00:12:01,973 - INFO - –∑–∞–ø—É—Å–∫ UI

2025-03-21 00:12:03,162 - INFO - –°–æ–∑–¥–∞–Ω —Ç–∞–º–∞–≥–æ—á–∏ —Å –∏–º–µ–Ω–µ–º 23

2025-03-21 00:12:03,378 - INFO - –ó–∞–ø—É—Å–∫ –∂–∏–∑–Ω–∏

2025-03-21 00:12:03,378 - INFO - –ó–∞–ø—É—Å–∫ –∏–≥—Ä—ã

2025-03-21 00:12:04,555 - INFO - –í—ã–±—Ä–∞–Ω–æ –¥–µ–π—Å—Ç–≤–∏–µ: 2

2025-03-21 00:12:04,555 - INFO - –∑–∞–ø—É—Å–∫ –∏–Ω–≤–µ–Ω—Ç–∞—Ä—è

2025-03-21 00:13:06,607 - INFO - –∏–Ω–∏—Ü–∏–∞–ª–∏–∑–∞—Ü–∏—è –ø—Ä–æ–≥—Ä–∞–º–º—ã

2025-03-21 00:13:06,607 - INFO - –∑–∞–ø—É—Å–∫ UI

2025-03-21 00:13:08,425 - INFO - –°–æ–∑–¥–∞–Ω —Ç–∞–º–∞–≥–æ—á–∏ —Å –∏–º–µ–Ω–µ–º rew

2025-03-21 00:13:08,619 - INFO - –ó–∞–ø—É—Å–∫ –∂–∏–∑–Ω–∏

2025-03-21 00:13:08,666 - INFO - –ó–∞–ø—É—Å–∫ –∏–≥—Ä—ã

2025-03-21 00:13:09,555 - INFO - –í—ã–±—Ä–∞–Ω–æ –¥–µ–π—Å—Ç–≤–∏–µ: 2

2025-03-21 00:13:09,570 - INFO - –∑–∞–ø—É—Å–∫ –∏–Ω–≤–µ–Ω—Ç–∞—Ä—è

2025-03-21 00:13:25,301 - INFO - –∏–Ω–∏—Ü–∏–∞–ª–∏–∑–∞—Ü–∏—è –ø—Ä–æ–≥—Ä–∞–º–º—ã

2025-03-21 00:13:25,302 - INFO - –∑–∞–ø—É—Å–∫ UI

2025-03-21 00:13:26,441 - INFO - –°–æ–∑–¥–∞–Ω —Ç–∞–º–∞–≥–æ—á–∏ —Å –∏–º–µ–Ω–µ–º rew

2025-03-21 00:13:26,692 - INFO - –ó–∞–ø—É—Å–∫ –∂–∏–∑–Ω–∏

2025-03-21 00:13:26,708 - INFO - –ó–∞–ø—É—Å–∫ –∏–≥—Ä—ã

2025-03-21 00:13:27,797 - INFO - –í—ã–±—Ä–∞–Ω–æ –¥–µ–π—Å—Ç–≤–∏–µ: 2

2025-03-21 00:13:27,874 - INFO - –∑–∞–ø—É—Å–∫ –∏–Ω–≤–µ–Ω—Ç–∞—Ä—è

2025-03-21 00:13:56,623 - INFO - –∏–Ω–∏—Ü–∏–∞–ª–∏–∑–∞—Ü–∏—è –ø—Ä–æ–≥—Ä–∞–º–º—ã

2025-03-21 00:13:56,623 - INFO - –∑–∞–ø—É—Å–∫ UI

2025-03-21 00:13:58,080 - INFO - –°–æ–∑–¥–∞–Ω —Ç–∞–º–∞–≥–æ—á–∏ —Å –∏–º–µ–Ω–µ–º 42

2025-03-21 00:13:58,244 - INFO - –ó–∞–ø—É—Å–∫ –∂–∏–∑–Ω–∏

2025-03-21 00:13:58,244 - INFO - –ó–∞–ø—É—Å–∫ –∏–≥—Ä—ã

2025-03-21 00:13:59,570 - INFO - –í—ã–±—Ä–∞–Ω–æ –¥–µ–π—Å—Ç–≤–∏–µ: 2

2025-03-21 00:13:59,570 - INFO - –∑–∞–ø—É—Å–∫ –∏–Ω–≤–µ–Ω—Ç–∞—Ä—è

2025-03-21 00:14:08,610 - INFO - –í—ã–±—Ä–∞–Ω–æ –¥–µ–π—Å—Ç–≤–∏–µ: ext

2025-03-21 00:14:08,610 - INFO - –≤—ã—Ö–æ–¥ –∏–∑ –∏–≥—Ä—ã

2025-03-21 00:15:10,043 - INFO - –∏–Ω–∏—Ü–∏–∞–ª–∏–∑–∞—Ü–∏—è –ø—Ä–æ–≥—Ä–∞–º–º—ã

2025-03-21 00:15:10,043 - INFO - –∑–∞–ø—É—Å–∫ UI

2025-03-21 00:15:11,665 - INFO - –°–æ–∑–¥–∞–Ω —Ç–∞–º–∞–≥–æ—á–∏ —Å –∏–º–µ–Ω–µ–º er

2025-03-21 00:15:12,107 - INFO - –ó–∞–ø—É—Å–∫ –∂–∏–∑–Ω–∏

2025-03-21 00:15:12,107 - INFO - –ó–∞–ø—É—Å–∫ –∏–≥—Ä—ã

2025-03-21 00:15:15,936 - INFO - –í—ã–±—Ä–∞–Ω–æ –¥–µ–π—Å—Ç–≤–∏–µ: 2

2025-03-21 00:15:15,952 - INFO - –∑–∞–ø—É—Å–∫ –∏–Ω–≤–µ–Ω—Ç–∞—Ä—è

2025-03-21 00:15:19,406 - INFO - –í—ã–±—Ä–∞–Ω–æ –¥–µ–π—Å—Ç–≤–∏–µ: 1

2025-03-21 00:15:25,037 - INFO - –í—ã–±—Ä–∞–Ω–æ –¥–µ–π—Å—Ç–≤–∏–µ: ext

2025-03-21 00:15:25,037 - INFO - –≤—ã—Ö–æ–¥ –∏–∑ –∏–≥—Ä—ã

2025-03-21 00:25:40,733 - INFO - –∏–Ω–∏—Ü–∏–∞–ª–∏–∑–∞—Ü–∏—è –ø—Ä–æ–≥—Ä–∞–º–º—ã

2025-03-21 00:25:40,733 - INFO - –∑–∞–ø—É—Å–∫ UI

2025-03-21 00:25:41,690 - INFO - –°–æ–∑–¥–∞–Ω —Ç–∞–º–∞–≥–æ—á–∏ —Å –∏–º–µ–Ω–µ–º ewr

2025-03-21 00:25:41,690 - INFO - –∑–∞–ø—É—Å–∫ –≥–ª–∞–≤–Ω—ã—Ö –ø—Ä–æ—Ü–µ—Å—Å–æ–≤

2025-03-21 00:25:41,691 - INFO - –∑–∞–ø—É—Å–∫ —Å—Ç–∞—Ä–µ–Ω–∏—è

2025-03-21 00:25:41,691 - INFO - –∑–∞–ø—É—Å–∫ –ø—Ä–æ–≤–µ—Ä–∫–∏ –Ω–∞ —Å–º–µ—Ä—Ç—å

2025-03-21 00:25:41,985 - INFO - –ó–∞–ø—É—Å–∫ –∂–∏–∑–Ω–∏

2025-03-21 00:25:42,016 - INFO - –ó–∞–ø—É—Å–∫ –∏–≥—Ä—ã

2025-03-21 00:25:44,007 - INFO - –í—ã–±—Ä–∞–Ω–æ –¥–µ–π—Å—Ç–≤–∏–µ: 2

2025-03-21 00:25:44,023 - INFO - –∑–∞–ø—É—Å–∫ –∏–Ω–≤–µ–Ω—Ç–∞—Ä—è

2025-03-21 00:25:44,039 - INFO - –≤–∫–ª—é—á–µ–Ω–∏–µ –∏–Ω–≤–µ–Ω—Ç–∞—Ä—è

2025-03-21 00:25:45,455 - INFO - –≤—ã–±–æ—Ä –ø—Ä–µ–¥–º–µ—Ç–∞ —Å id: 2

2025-03-21 00:25:47,475 - INFO - –í—ã–±—Ä–∞–Ω–æ –¥–µ–π—Å—Ç–≤–∏–µ: 1

2025-03-21 00:25:49,560 - INFO - –í—ã–±—Ä–∞–Ω–æ –¥–µ–π—Å—Ç–≤–∏–µ: ext

2025-03-21 00:25:49,591 - INFO - –≤—ã—Ö–æ–¥ –∏–∑ –∏–≥—Ä—ã

2025-03-21 00:25:49,591 - INFO - –≤—ã–≤–æ–¥ –∏–Ω—Ñ–æ—Ä–º–∞—Ü–∏–∏ –æ —Å–º–µ—Ä—Ç–∏

2025-03-21 00:39:03,930 - INFO - –∑–∞–ø—É—Å–∫ —Å–æ–∑–¥–∞–Ω–∏—è –Ω—É–∂–Ω–æ–≥–æ —ç–∫–∑–µ–º–ø–ª—è—Ä–∞ –ø–∏—â–∏

2025-03-21 00:39:03,939 - INFO - –∏–Ω–∏—Ü–∏–∞–ª–∏–∑–∞—Ü–∏—è –ø—Ä–æ–≥—Ä–∞–º–º—ã

2025-03-21 00:39:03,939 - INFO - –∑–∞–ø—É—Å–∫ UI

2025-03-21 00:39:05,257 - INFO - –°–æ–∑–¥–∞–Ω —Ç–∞–º–∞–≥–æ—á–∏ —Å –∏–º–µ–Ω–µ–º –µ–∫—É

2025-03-21 00:39:05,257 - INFO - –∑–∞–ø—É—Å–∫ –≥–ª–∞–≤–Ω—ã—Ö –ø—Ä–æ—Ü–µ—Å—Å–æ–≤

2025-03-21 00:39:05,258 - INFO - –∑–∞–ø—É—Å–∫ —Å—Ç–∞—Ä–µ–Ω–∏—è

2025-03-21 00:39:05,258 - INFO - –∑–∞–ø—É—Å–∫ –ø—Ä–æ–≤–µ—Ä–∫–∏ –Ω–∞ —Å–º–µ—Ä—Ç—å

2025-03-21 00:39:05,277 - INFO - –∑–∞–ø—É—Å–∫ –≥–æ–ª–æ–¥–∞–Ω–∏—è

2025-03-21 00:39:05,355 - INFO - –∑–∞–ø—É—Å–∫ —Ä–∏—Å–∫–∞ –±–æ–ª–µ–∑–Ω–∏

2025-03-21 00:39:05,401 - INFO - –∑–∞–ø—É—Å–∫ –≥—Ä—É—Å—Ç–∏

2025-03-21 00:39:05,418 - INFO - –ó–∞–ø—É—Å–∫ –∂–∏–∑–Ω–∏

2025-03-21 00:39:05,418 - INFO - –ó–∞–ø—É—Å–∫ –∏–≥—Ä—ã

2025-03-21 00:39:05,978 - INFO - –í—ã–±—Ä–∞–Ω–æ –¥–µ–π—Å—Ç–≤–∏–µ: 2

2025-03-21 00:39:06,024 - INFO - –∑–∞–ø—É—Å–∫ –∏–Ω–≤–µ–Ω—Ç–∞—Ä—è

2025-03-21 00:39:06,024 - INFO - –≤–∫–ª—é—á–µ–Ω–∏–µ –∏–Ω–≤–µ–Ω—Ç–∞—Ä—è

2025-03-21 00:39:06,582 - INFO - –≤—ã–±–æ—Ä –ø—Ä–µ–¥–º–µ—Ç–∞ —Å id: 2

2025-03-21 00:39:06,613 - INFO - –∑–∞–ø—É—Å–∫ –ø—Ä–∏—ë–º–∞ –ø–∏—â–∏

2025-03-21 00:39:06,613 - INFO - —É—Å–ø–µ—à–Ω—ã–π –ø—Ä–∏—ë–º –ø–∏—â–∏, —Ç–µ–∫—É—â–∏–µ —Å–æ—Å—Ç–æ—è–Ω–∏–µ –µ–¥—ã: 106 —Å—á–∞—Å—Ç—å—è: 56

2025-03-21 00:39:09,452 - INFO - –í—ã–±—Ä–∞–Ω–æ –¥–µ–π—Å—Ç–≤–∏–µ: ext

2025-03-21 00:39:09,452 - INFO - –≤—ã—Ö–æ–¥ –∏–∑ –∏–≥—Ä—ã

2025-03-21 00:39:09,452 - INFO - –≤—ã–≤–æ–¥ –∏–Ω—Ñ–æ—Ä–º–∞—Ü–∏–∏ –æ —Å–º–µ—Ä—Ç–∏

